{"uuid":"47a59e87-c32c-4e3f-93e4-c26b0b4799df","historyId":"900022971f0240faa2045c5296363a27","fullName":"src/test/resources/Features/AddProductInCart.feature:3","labels":[{"name":"host","value":"ITMTNP27DEAG"},{"name":"thread","value":"30452@ITMTNP27DEAG.TestNG-PoolService-0(32)"},{"name":"feature","value":"Add Products in the cart"},{"name":"story","value":"Add Products in the cart"},{"name":"suite","value":"Add Products in the cart"},{"name":"testClass","value":"Add Products in the cart"},{"name":"framework","value":"cucumber4jvm"},{"name":"language","value":"java"},{"name":"gherkin_uri","value":"file:///C:/Users/marwa.antoul/IdeaProjects/E-commerce-Website/src/test/resources/Features/AddProductInCart.feature"},{"name":"package","value":"src.test.resources.Features.AddProductInCart_feature.Add Products in the cart"}],"links":[],"name":"Add Products in the cart","status":"failed","statusDetails":{"known":false,"muted":false,"flaky":false,"message":"AutomationExercise expected [true] but found [false]","trace":"java.lang.AssertionError: AutomationExercise expected [true] but found [false]\r\n\tat org.testng.Assert.fail(Assert.java:111)\r\n\tat org.testng.Assert.failNotEquals(Assert.java:1578)\r\n\tat org.testng.Assert.assertTrue(Assert.java:57)\r\n\tat Steps.Register_User.the_user_verify_that_the_home_page_is_visible_successfully(Register_User.java:28)\r\n\tat ✽.the user verify that the home page is visible successfully(file:///C:/Users/marwa.antoul/IdeaProjects/E-commerce-Website/src/test/resources/Features/AddProductInCart.feature:5)\r\n"},"stage":"finished","steps":[{"name":"Given  the user navigate to the website","status":"passed","statusDetails":{"known":false,"muted":false,"flaky":false},"stage":"finished","steps":[],"attachments":[],"parameters":[],"start":1764230977043,"stop":1764230977049},{"name":"And  the user verify that the home page is visible successfully","status":"failed","statusDetails":{"known":false,"muted":false,"flaky":false,"message":"AutomationExercise expected [true] but found [false]","trace":"java.lang.AssertionError: AutomationExercise expected [true] but found [false]\r\n\tat org.testng.Assert.fail(Assert.java:111)\r\n\tat org.testng.Assert.failNotEquals(Assert.java:1578)\r\n\tat org.testng.Assert.assertTrue(Assert.java:57)\r\n\tat Steps.Register_User.the_user_verify_that_the_home_page_is_visible_successfully(Register_User.java:28)\r\n\tat ✽.the user verify that the home page is visible successfully(file:///C:/Users/marwa.antoul/IdeaProjects/E-commerce-Website/src/test/resources/Features/AddProductInCart.feature:5)\r\n"},"stage":"finished","steps":[],"attachments":[],"parameters":[],"start":1764230977049,"stop":1764230977385},{"name":"When  he user click the Products link","status":"skipped","statusDetails":{"known":false,"muted":false,"flaky":false},"stage":"finished","steps":[],"attachments":[],"parameters":[],"start":1764230977389,"stop":1764230977390},{"name":"Then  the user verify that the Products page is visible successfully","status":"skipped","statusDetails":{"known":false,"muted":false,"flaky":false},"stage":"finished","steps":[],"attachments":[],"parameters":[],"start":1764230977390,"stop":1764230977391},{"name":"When  The user select a first product and click Add to cart","status":"skipped","statusDetails":{"known":false,"muted":false,"flaky":false},"stage":"finished","steps":[],"attachments":[],"parameters":[],"start":1764230977391,"stop":1764230977391},{"name":"And  the user Click Continue Shopping button","status":"skipped","statusDetails":{"known":false,"muted":false,"flaky":false},"stage":"finished","steps":[],"attachments":[],"parameters":[],"start":1764230977392,"stop":1764230977394},{"name":"Then  The user select a second product and click Add to cart","status":"skipped","statusDetails":{"known":false,"muted":false,"flaky":false},"stage":"finished","steps":[],"attachments":[],"parameters":[],"start":1764230977398,"stop":1764230977403},{"name":"When  the user Click View Cart button","status":"skipped","statusDetails":{"known":false,"muted":false,"flaky":false},"stage":"finished","steps":[],"attachments":[],"parameters":[],"start":1764230977404,"stop":1764230977405},{"name":"Then  the user Verify both products are added to Cart","status":"skipped","statusDetails":{"known":false,"muted":false,"flaky":false},"stage":"finished","steps":[],"attachments":[],"parameters":[],"start":1764230977406,"stop":1764230977407},{"name":"And  the user Verify their prices, quantity and total price","status":"skipped","statusDetails":{"known":false,"muted":false,"flaky":false},"stage":"finished","steps":[],"attachments":[],"parameters":[],"start":1764230977415,"stop":1764230977426}],"attachments":[],"parameters":[],"start":1764230930979,"stop":1764230977461}