{"uuid":"4bb5d7bf-c3b8-4f2d-b642-3f66b1c58ec6","historyId":"ac67b476e12c754c9654635c1cacf677","fullName":"src/test/resources/Features/Register_User.feature:3","labels":[{"name":"host","value":"ITMTNP27DEAG"},{"name":"thread","value":"30452@ITMTNP27DEAG.TestNG-PoolService-5(37)"},{"name":"feature","value":"User Registration"},{"name":"story","value":"User registers successfully"},{"name":"suite","value":"User Registration"},{"name":"testClass","value":"User registers successfully"},{"name":"framework","value":"cucumber4jvm"},{"name":"language","value":"java"},{"name":"gherkin_uri","value":"file:///C:/Users/marwa.antoul/IdeaProjects/E-commerce-Website/src/test/resources/Features/Register_User.feature"},{"name":"package","value":"src.test.resources.Features.Register_User_feature.User Registration"}],"links":[],"name":"User registers successfully","status":"failed","statusDetails":{"known":false,"muted":false,"flaky":false,"message":"AutomationExercise expected [true] but found [false]","trace":"java.lang.AssertionError: AutomationExercise expected [true] but found [false]\r\n\tat org.testng.Assert.fail(Assert.java:111)\r\n\tat org.testng.Assert.failNotEquals(Assert.java:1578)\r\n\tat org.testng.Assert.assertTrue(Assert.java:57)\r\n\tat Steps.Register_User.the_user_verify_that_the_home_page_is_visible_successfully(Register_User.java:28)\r\n\tat ✽.the user verify that the home page is visible successfully(file:///C:/Users/marwa.antoul/IdeaProjects/E-commerce-Website/src/test/resources/Features/Register_User.feature:5)\r\n"},"stage":"finished","steps":[{"name":"Given  the user navigate to the website","status":"passed","statusDetails":{"known":false,"muted":false,"flaky":false},"stage":"finished","steps":[],"attachments":[],"parameters":[],"start":1764230973634,"stop":1764230973685},{"name":"And  the user verify that the home page is visible successfully","status":"failed","statusDetails":{"known":false,"muted":false,"flaky":false,"message":"AutomationExercise expected [true] but found [false]","trace":"java.lang.AssertionError: AutomationExercise expected [true] but found [false]\r\n\tat org.testng.Assert.fail(Assert.java:111)\r\n\tat org.testng.Assert.failNotEquals(Assert.java:1578)\r\n\tat org.testng.Assert.assertTrue(Assert.java:57)\r\n\tat Steps.Register_User.the_user_verify_that_the_home_page_is_visible_successfully(Register_User.java:28)\r\n\tat ✽.the user verify that the home page is visible successfully(file:///C:/Users/marwa.antoul/IdeaProjects/E-commerce-Website/src/test/resources/Features/Register_User.feature:5)\r\n"},"stage":"finished","steps":[],"attachments":[],"parameters":[],"start":1764230973686,"stop":1764230987041},{"name":"When  the user click on the Signup Login button","status":"skipped","statusDetails":{"known":false,"muted":false,"flaky":false},"stage":"finished","steps":[],"attachments":[],"parameters":[],"start":1764230987041,"stop":1764230987042},{"name":"Then  the user verify that Signup Login page is visible successfully","status":"skipped","statusDetails":{"known":false,"muted":false,"flaky":false},"stage":"finished","steps":[],"attachments":[],"parameters":[],"start":1764230987042,"stop":1764230987042},{"name":"When  the user enter a name and email address","status":"skipped","statusDetails":{"known":false,"muted":false,"flaky":false},"stage":"finished","steps":[],"attachments":[],"parameters":[],"start":1764230987042,"stop":1764230987042},{"name":"And  the user click the Signup button","status":"skipped","statusDetails":{"known":false,"muted":false,"flaky":false},"stage":"finished","steps":[],"attachments":[],"parameters":[],"start":1764230987043,"stop":1764230987043},{"name":"Then  the user verify that the ENTER ACCOUNT INFORMATION is visible","status":"skipped","statusDetails":{"known":false,"muted":false,"flaky":false},"stage":"finished","steps":[],"attachments":[],"parameters":[],"start":1764230987043,"stop":1764230987043},{"name":"When  the user fill in account details like Title, Name, Email, Password, Date of Birth","status":"skipped","statusDetails":{"known":false,"muted":false,"flaky":false},"stage":"finished","steps":[],"attachments":[],"parameters":[],"start":1764230987043,"stop":1764230987044},{"name":"And  the user select the checkboxes for Sign up for our newsletter and Receive special offers from our partners","status":"skipped","statusDetails":{"known":false,"muted":false,"flaky":false},"stage":"finished","steps":[],"attachments":[],"parameters":[],"start":1764230987044,"stop":1764230987044},{"name":"And  the user fill in details for First name, Last name, Company, Address, etc","status":"skipped","statusDetails":{"known":false,"muted":false,"flaky":false},"stage":"finished","steps":[],"attachments":[],"parameters":[],"start":1764230987044,"stop":1764230987044},{"name":"And  the user click the Create Account button","status":"skipped","statusDetails":{"known":false,"muted":false,"flaky":false},"stage":"finished","steps":[],"attachments":[],"parameters":[],"start":1764230987045,"stop":1764230987045},{"name":"Then  the user verify that ACCOUNT CREATED is visible","status":"skipped","statusDetails":{"known":false,"muted":false,"flaky":false},"stage":"finished","steps":[],"attachments":[],"parameters":[],"start":1764230987045,"stop":1764230987045},{"name":"When  the user click the CONTINUE button","status":"skipped","statusDetails":{"known":false,"muted":false,"flaky":false},"stage":"finished","steps":[],"attachments":[],"parameters":[],"start":1764230987046,"stop":1764230987046},{"name":"Then  the user verify that Logged in as username is visible","status":"skipped","statusDetails":{"known":false,"muted":false,"flaky":false},"stage":"finished","steps":[],"attachments":[],"parameters":[],"start":1764230987046,"stop":1764230987047},{"name":"When  the user click the Delete Account button","status":"skipped","statusDetails":{"known":false,"muted":false,"flaky":false},"stage":"finished","steps":[],"attachments":[],"parameters":[],"start":1764230987048,"stop":1764230987048},{"name":"Then  the user verify that ACCOUNT DELETED is visible","status":"skipped","statusDetails":{"known":false,"muted":false,"flaky":false},"stage":"finished","steps":[],"attachments":[],"parameters":[],"start":1764230987048,"stop":1764230987049},{"name":"And  the user click the Continue button","status":"skipped","statusDetails":{"known":false,"muted":false,"flaky":false},"stage":"finished","steps":[],"attachments":[],"parameters":[],"start":1764230987049,"stop":1764230987049}],"attachments":[],"parameters":[],"start":1764230930996,"stop":1764230987049}