{"uuid":"5f954d85-be7a-4fe8-8918-98cb5f89e6b6","historyId":"29f0b24324bf05453c94037806fbfc59","fullName":"src/test/resources/Features/LogOutUser.feature:2","labels":[{"name":"host","value":"ITMTNP27DEAG"},{"name":"thread","value":"30452@ITMTNP27DEAG.TestNG-PoolService-2(34)"},{"name":"feature","value":"Logout User"},{"name":"story","value":"Logout User"},{"name":"suite","value":"Logout User"},{"name":"testClass","value":"Logout User"},{"name":"framework","value":"cucumber4jvm"},{"name":"language","value":"java"},{"name":"gherkin_uri","value":"file:///C:/Users/marwa.antoul/IdeaProjects/E-commerce-Website/src/test/resources/Features/LogOutUser.feature"},{"name":"package","value":"src.test.resources.Features.LogOutUser_feature.Logout User"}],"links":[],"name":"Logout User","status":"failed","statusDetails":{"known":false,"muted":false,"flaky":false,"message":"AutomationExercise expected [true] but found [false]","trace":"java.lang.AssertionError: AutomationExercise expected [true] but found [false]\r\n\tat org.testng.Assert.fail(Assert.java:111)\r\n\tat org.testng.Assert.failNotEquals(Assert.java:1578)\r\n\tat org.testng.Assert.assertTrue(Assert.java:57)\r\n\tat Steps.Register_User.the_user_verify_that_the_home_page_is_visible_successfully(Register_User.java:28)\r\n\tat ✽.the user verify that the home page is visible successfully(file:///C:/Users/marwa.antoul/IdeaProjects/E-commerce-Website/src/test/resources/Features/LogOutUser.feature:4)\r\n"},"stage":"finished","steps":[{"name":"Given  the user navigate to the website","status":"passed","statusDetails":{"known":false,"muted":false,"flaky":false},"stage":"finished","steps":[],"attachments":[],"parameters":[],"start":1764230988296,"stop":1764230988298},{"name":"And  the user verify that the home page is visible successfully","status":"failed","statusDetails":{"known":false,"muted":false,"flaky":false,"message":"AutomationExercise expected [true] but found [false]","trace":"java.lang.AssertionError: AutomationExercise expected [true] but found [false]\r\n\tat org.testng.Assert.fail(Assert.java:111)\r\n\tat org.testng.Assert.failNotEquals(Assert.java:1578)\r\n\tat org.testng.Assert.assertTrue(Assert.java:57)\r\n\tat Steps.Register_User.the_user_verify_that_the_home_page_is_visible_successfully(Register_User.java:28)\r\n\tat ✽.the user verify that the home page is visible successfully(file:///C:/Users/marwa.antoul/IdeaProjects/E-commerce-Website/src/test/resources/Features/LogOutUser.feature:4)\r\n"},"stage":"finished","steps":[],"attachments":[],"parameters":[],"start":1764230988298,"stop":1764230988500},{"name":"When  the user click on the Signup Login button","status":"skipped","statusDetails":{"known":false,"muted":false,"flaky":false},"stage":"finished","steps":[],"attachments":[],"parameters":[],"start":1764230988501,"stop":1764230988501},{"name":"Then  the user verify that Signup Login page is visible successfully","status":"skipped","statusDetails":{"known":false,"muted":false,"flaky":false},"stage":"finished","steps":[],"attachments":[],"parameters":[],"start":1764230988501,"stop":1764230988501},{"name":"When  the user enter a email \"email\" and password \"password\" valids","status":"skipped","statusDetails":{"known":false,"muted":false,"flaky":false},"stage":"finished","steps":[],"attachments":[],"parameters":[],"start":1764230988502,"stop":1764230988502},{"name":"And  the user click the login button","status":"skipped","statusDetails":{"known":false,"muted":false,"flaky":false},"stage":"finished","steps":[],"attachments":[],"parameters":[],"start":1764230988502,"stop":1764230988502},{"name":"And  the user click logout link","status":"skipped","statusDetails":{"known":false,"muted":false,"flaky":false},"stage":"finished","steps":[],"attachments":[],"parameters":[],"start":1764230988502,"stop":1764230988502},{"name":"Then  the user verify that Signup and Login page is visible","status":"skipped","statusDetails":{"known":false,"muted":false,"flaky":false},"stage":"finished","steps":[],"attachments":[],"parameters":[],"start":1764230988503,"stop":1764230988503}],"attachments":[],"parameters":[],"start":1764230930941,"stop":1764230988503}