{"uuid":"7ffd6cb1-abb6-4bd0-98b4-e10ec4214903","historyId":"19ce8543aa74d8e8d18f3a0531618ce7","fullName":"src/test/resources/Features/unsuccessfully_login.feature:2","labels":[{"name":"host","value":"ITMTNP27DEAG"},{"name":"thread","value":"22556@ITMTNP27DEAG.TestNG-PoolService-0(32)"},{"name":"feature","value":"Login with invalid credentials"},{"name":"story","value":"Login with invalid credentials"},{"name":"suite","value":"Login with invalid credentials"},{"name":"testClass","value":"Login with invalid credentials"},{"name":"framework","value":"cucumber4jvm"},{"name":"language","value":"java"},{"name":"gherkin_uri","value":"file:///C:/Users/marwa.antoul/IdeaProjects/E-commerce-Website/src/test/resources/Features/unsuccessfully_login.feature"},{"name":"package","value":"src.test.resources.Features.unsuccessfully_login_feature.Login with invalid credentials"}],"links":[],"name":"Login with invalid credentials","status":"failed","statusDetails":{"known":false,"muted":false,"flaky":false,"message":"AutomationExercise expected [true] but found [false]","trace":"java.lang.AssertionError: AutomationExercise expected [true] but found [false]\r\n\tat org.testng.Assert.fail(Assert.java:111)\r\n\tat org.testng.Assert.failNotEquals(Assert.java:1578)\r\n\tat org.testng.Assert.assertTrue(Assert.java:57)\r\n\tat Steps.Register_User.the_user_verify_that_the_home_page_is_visible_successfully(Register_User.java:28)\r\n\tat ✽.the user verify that the home page is visible successfully(file:///C:/Users/marwa.antoul/IdeaProjects/E-commerce-Website/src/test/resources/Features/unsuccessfully_login.feature:4)\r\n"},"stage":"finished","steps":[{"name":"Given  the user navigate to the website","status":"passed","statusDetails":{"known":false,"muted":false,"flaky":false},"stage":"finished","steps":[],"attachments":[],"parameters":[],"start":1764253648941,"stop":1764253648951},{"name":"And  the user verify that the home page is visible successfully","status":"failed","statusDetails":{"known":false,"muted":false,"flaky":false,"message":"AutomationExercise expected [true] but found [false]","trace":"java.lang.AssertionError: AutomationExercise expected [true] but found [false]\r\n\tat org.testng.Assert.fail(Assert.java:111)\r\n\tat org.testng.Assert.failNotEquals(Assert.java:1578)\r\n\tat org.testng.Assert.assertTrue(Assert.java:57)\r\n\tat Steps.Register_User.the_user_verify_that_the_home_page_is_visible_successfully(Register_User.java:28)\r\n\tat ✽.the user verify that the home page is visible successfully(file:///C:/Users/marwa.antoul/IdeaProjects/E-commerce-Website/src/test/resources/Features/unsuccessfully_login.feature:4)\r\n"},"stage":"finished","steps":[],"attachments":[],"parameters":[],"start":1764253648952,"stop":1764253672737},{"name":"When  the user click on the Signup Login button","status":"skipped","statusDetails":{"known":false,"muted":false,"flaky":false},"stage":"finished","steps":[],"attachments":[],"parameters":[],"start":1764253672738,"stop":1764253672739},{"name":"Then  the user verify that Signup Login page is visible successfully","status":"skipped","statusDetails":{"known":false,"muted":false,"flaky":false},"stage":"finished","steps":[],"attachments":[],"parameters":[],"start":1764253672739,"stop":1764253672740},{"name":"When  the user enter a email \"email\" and password \"password\" invalids","status":"skipped","statusDetails":{"known":false,"muted":false,"flaky":false},"stage":"finished","steps":[],"attachments":[],"parameters":[],"start":1764253672740,"stop":1764253672741},{"name":"And  the user click the login button","status":"skipped","statusDetails":{"known":false,"muted":false,"flaky":false},"stage":"finished","steps":[],"attachments":[],"parameters":[],"start":1764253672741,"stop":1764253672742},{"name":"Then  the user verify that the error message is visible","status":"skipped","statusDetails":{"known":false,"muted":false,"flaky":false},"stage":"finished","steps":[],"attachments":[],"parameters":[],"start":1764253672742,"stop":1764253672743}],"attachments":[],"parameters":[],"start":1764253221441,"stop":1764253707193}