{"uuid":"81acbbbd-2551-40d6-936d-4c58644c84cd","historyId":"54cc6d3dd2842e722425ba51d201463","fullName":"src/test/resources/Features/SearchProduct.feature:2","labels":[{"name":"host","value":"ITMTNP27DEAG"},{"name":"thread","value":"32764@ITMTNP27DEAG.TestNG-PoolService-6(38)"},{"name":"feature","value":"Search Product"},{"name":"story","value":"Search Product"},{"name":"suite","value":"Search Product"},{"name":"testClass","value":"Search Product"},{"name":"framework","value":"cucumber4jvm"},{"name":"language","value":"java"},{"name":"gherkin_uri","value":"file:///C:/Users/marwa.antoul/IdeaProjects/E-commerce-Website/src/test/resources/Features/SearchProduct.feature"},{"name":"package","value":"src.test.resources.Features.SearchProduct_feature.Search Product"}],"links":[],"name":"Search Product","status":"failed","statusDetails":{"known":false,"muted":false,"flaky":false,"message":"AutomationExercise expected [true] but found [false]","trace":"java.lang.AssertionError: AutomationExercise expected [true] but found [false]\r\n\tat org.testng.Assert.fail(Assert.java:111)\r\n\tat org.testng.Assert.failNotEquals(Assert.java:1578)\r\n\tat org.testng.Assert.assertTrue(Assert.java:57)\r\n\tat Steps.Register_User.the_user_verify_that_the_home_page_is_visible_successfully(Register_User.java:28)\r\n\tat ✽.the user verify that the home page is visible successfully(file:///C:/Users/marwa.antoul/IdeaProjects/E-commerce-Website/src/test/resources/Features/SearchProduct.feature:4)\r\n"},"stage":"finished","steps":[{"name":"Given  the user navigate to the website","status":"passed","statusDetails":{"known":false,"muted":false,"flaky":false},"stage":"finished","steps":[],"attachments":[],"parameters":[],"start":1764229564782,"stop":1764229564787},{"name":"And  the user verify that the home page is visible successfully","status":"failed","statusDetails":{"known":false,"muted":false,"flaky":false,"message":"AutomationExercise expected [true] but found [false]","trace":"java.lang.AssertionError: AutomationExercise expected [true] but found [false]\r\n\tat org.testng.Assert.fail(Assert.java:111)\r\n\tat org.testng.Assert.failNotEquals(Assert.java:1578)\r\n\tat org.testng.Assert.assertTrue(Assert.java:57)\r\n\tat Steps.Register_User.the_user_verify_that_the_home_page_is_visible_successfully(Register_User.java:28)\r\n\tat ✽.the user verify that the home page is visible successfully(file:///C:/Users/marwa.antoul/IdeaProjects/E-commerce-Website/src/test/resources/Features/SearchProduct.feature:4)\r\n"},"stage":"finished","steps":[],"attachments":[],"parameters":[],"start":1764229564788,"stop":1764229565264},{"name":"When  he user click the Products link","status":"skipped","statusDetails":{"known":false,"muted":false,"flaky":false},"stage":"finished","steps":[],"attachments":[],"parameters":[],"start":1764229565267,"stop":1764229565267},{"name":"Then  the user verify that the Products page is visible successfully","status":"skipped","statusDetails":{"known":false,"muted":false,"flaky":false},"stage":"finished","steps":[],"attachments":[],"parameters":[],"start":1764229565269,"stop":1764229565269},{"name":"When  The user Enter product name \"blue top\" in search input and click search button","status":"skipped","statusDetails":{"known":false,"muted":false,"flaky":false},"stage":"finished","steps":[],"attachments":[],"parameters":[],"start":1764229565269,"stop":1764229565270},{"name":"Then  The user Verify all the products related to search are visible","status":"skipped","statusDetails":{"known":false,"muted":false,"flaky":false},"stage":"finished","steps":[],"attachments":[],"parameters":[],"start":1764229565270,"stop":1764229565270}],"attachments":[],"parameters":[],"start":1764229518472,"stop":1764229565280}