{"uuid":"91f9d3f4-1789-4457-88ec-9b7e0322cdb4","historyId":"ac67b476e12c754c9654635c1cacf677","fullName":"src/test/resources/Features/Register_User.feature:3","labels":[{"name":"host","value":"ITMTNP27DEAG"},{"name":"thread","value":"24136@ITMTNP27DEAG.TestNG-PoolService-5(37)"},{"name":"feature","value":"User Registration"},{"name":"story","value":"User registers successfully"},{"name":"suite","value":"User Registration"},{"name":"testClass","value":"User registers successfully"},{"name":"framework","value":"cucumber4jvm"},{"name":"language","value":"java"},{"name":"gherkin_uri","value":"file:///C:/Users/marwa.antoul/IdeaProjects/E-commerce-Website/src/test/resources/Features/Register_User.feature"},{"name":"package","value":"src.test.resources.Features.Register_User_feature.User Registration"}],"links":[],"name":"User registers successfully","status":"failed","statusDetails":{"known":false,"muted":false,"flaky":false,"message":"AutomationExercise expected [true] but found [false]","trace":"java.lang.AssertionError: AutomationExercise expected [true] but found [false]\r\n\tat org.testng.Assert.fail(Assert.java:111)\r\n\tat org.testng.Assert.failNotEquals(Assert.java:1578)\r\n\tat org.testng.Assert.assertTrue(Assert.java:57)\r\n\tat Steps.Register_User.the_user_verify_that_the_home_page_is_visible_successfully(Register_User.java:28)\r\n\tat ✽.the user verify that the home page is visible successfully(file:///C:/Users/marwa.antoul/IdeaProjects/E-commerce-Website/src/test/resources/Features/Register_User.feature:5)\r\n"},"stage":"finished","steps":[{"name":"Given  the user navigate to the website","status":"passed","statusDetails":{"known":false,"muted":false,"flaky":false},"stage":"finished","steps":[],"attachments":[],"parameters":[],"start":1764237080467,"stop":1764237080474},{"name":"And  the user verify that the home page is visible successfully","status":"failed","statusDetails":{"known":false,"muted":false,"flaky":false,"message":"AutomationExercise expected [true] but found [false]","trace":"java.lang.AssertionError: AutomationExercise expected [true] but found [false]\r\n\tat org.testng.Assert.fail(Assert.java:111)\r\n\tat org.testng.Assert.failNotEquals(Assert.java:1578)\r\n\tat org.testng.Assert.assertTrue(Assert.java:57)\r\n\tat Steps.Register_User.the_user_verify_that_the_home_page_is_visible_successfully(Register_User.java:28)\r\n\tat ✽.the user verify that the home page is visible successfully(file:///C:/Users/marwa.antoul/IdeaProjects/E-commerce-Website/src/test/resources/Features/Register_User.feature:5)\r\n"},"stage":"finished","steps":[],"attachments":[],"parameters":[],"start":1764237080474,"stop":1764237080725},{"name":"When  the user click on the Signup Login button","status":"skipped","statusDetails":{"known":false,"muted":false,"flaky":false},"stage":"finished","steps":[],"attachments":[],"parameters":[],"start":1764237080725,"stop":1764237080727},{"name":"Then  the user verify that Signup Login page is visible successfully","status":"skipped","statusDetails":{"known":false,"muted":false,"flaky":false},"stage":"finished","steps":[],"attachments":[],"parameters":[],"start":1764237080727,"stop":1764237080729},{"name":"When  the user enter a name and email address","status":"skipped","statusDetails":{"known":false,"muted":false,"flaky":false},"stage":"finished","steps":[],"attachments":[],"parameters":[],"start":1764237080729,"stop":1764237080729},{"name":"And  the user click the Signup button","status":"skipped","statusDetails":{"known":false,"muted":false,"flaky":false},"stage":"finished","steps":[],"attachments":[],"parameters":[],"start":1764237080732,"stop":1764237080734},{"name":"Then  the user verify that the ENTER ACCOUNT INFORMATION is visible","status":"skipped","statusDetails":{"known":false,"muted":false,"flaky":false},"stage":"finished","steps":[],"attachments":[],"parameters":[],"start":1764237080734,"stop":1764237080735},{"name":"When  the user fill in account details like Title, Name, Email, Password, Date of Birth","status":"skipped","statusDetails":{"known":false,"muted":false,"flaky":false},"stage":"finished","steps":[],"attachments":[],"parameters":[],"start":1764237080736,"stop":1764237080737},{"name":"And  the user select the checkboxes for Sign up for our newsletter and Receive special offers from our partners","status":"skipped","statusDetails":{"known":false,"muted":false,"flaky":false},"stage":"finished","steps":[],"attachments":[],"parameters":[],"start":1764237080737,"stop":1764237080738},{"name":"And  the user fill in details for First name, Last name, Company, Address, etc","status":"skipped","statusDetails":{"known":false,"muted":false,"flaky":false},"stage":"finished","steps":[],"attachments":[],"parameters":[],"start":1764237080739,"stop":1764237080740},{"name":"And  the user click the Create Account button","status":"skipped","statusDetails":{"known":false,"muted":false,"flaky":false},"stage":"finished","steps":[],"attachments":[],"parameters":[],"start":1764237080741,"stop":1764237080742},{"name":"Then  the user verify that ACCOUNT CREATED is visible","status":"skipped","statusDetails":{"known":false,"muted":false,"flaky":false},"stage":"finished","steps":[],"attachments":[],"parameters":[],"start":1764237080742,"stop":1764237080743},{"name":"When  the user click the CONTINUE button","status":"skipped","statusDetails":{"known":false,"muted":false,"flaky":false},"stage":"finished","steps":[],"attachments":[],"parameters":[],"start":1764237080743,"stop":1764237080744},{"name":"Then  the user verify that Logged in as username is visible","status":"skipped","statusDetails":{"known":false,"muted":false,"flaky":false},"stage":"finished","steps":[],"attachments":[],"parameters":[],"start":1764237080744,"stop":1764237080745},{"name":"When  the user click the Delete Account button","status":"skipped","statusDetails":{"known":false,"muted":false,"flaky":false},"stage":"finished","steps":[],"attachments":[],"parameters":[],"start":1764237080746,"stop":1764237080746},{"name":"Then  the user verify that ACCOUNT DELETED is visible","status":"skipped","statusDetails":{"known":false,"muted":false,"flaky":false},"stage":"finished","steps":[],"attachments":[],"parameters":[],"start":1764237080747,"stop":1764237080747},{"name":"And  the user click the Continue button","status":"skipped","statusDetails":{"known":false,"muted":false,"flaky":false},"stage":"finished","steps":[],"attachments":[],"parameters":[],"start":1764237080748,"stop":1764237080749}],"attachments":[],"parameters":[],"start":1764236981171,"stop":1764237111939}