{"uuid":"a865f5b4-4c16-4c26-9363-75bacab96adc","historyId":"54cc6d3dd2842e722425ba51d201463","fullName":"src/test/resources/Features/SearchProduct.feature:2","labels":[{"name":"host","value":"ITMTNP27DEAG"},{"name":"thread","value":"808@ITMTNP27DEAG.TestNG-PoolService-6(38)"},{"name":"feature","value":"Search Product"},{"name":"story","value":"Search Product"},{"name":"suite","value":"Search Product"},{"name":"testClass","value":"Search Product"},{"name":"framework","value":"cucumber4jvm"},{"name":"language","value":"java"},{"name":"gherkin_uri","value":"file:///C:/Users/marwa.antoul/IdeaProjects/E-commerce-Website/src/test/resources/Features/SearchProduct.feature"},{"name":"package","value":"src.test.resources.Features.SearchProduct_feature.Search Product"}],"links":[],"name":"Search Product","status":"broken","statusDetails":{"known":false,"muted":false,"flaky":false,"message":"element click intercepted: Element <button type=\"button\" id=\"submit_search\" class=\"btn btn-default btn-lg\">...</button> is not clickable at point (632, 473). Other element would receive the click: <div class=\"grippy-host\"></div>\n  (Session info: chrome=142.0.7444.176)\nBuild info: version: '4.26.0', revision: '8ccf0219d7'\nSystem info: os.name: 'Windows 11', os.arch: 'amd64', os.version: '10.0', java.version: '23.0.2'\nDriver info: org.openqa.selenium.chrome.ChromeDriver\nCommand: [a6b0a9e722dfef7c4cc64722a787609d, clickElement {id=f.DA9014D39BEE3288515C28000438E210.d.0331ABB6EC17019E7BD179FF86640DDE.e.61}]\nCapabilities {acceptInsecureCerts: false, browserName: chrome, browserVersion: 142.0.7444.176, chrome: {chromedriverVersion: 142.0.7444.175 (302067f14a4..., userDataDir: C:\\Users\\MARWA~1.ANT\\AppDat...}, fedcm:accounts: true, goog:chromeOptions: {debuggerAddress: localhost:54272}, goog:processID: 14540, networkConnectionEnabled: false, pageLoadStrategy: normal, platformName: windows, proxy: Proxy(), se:cdp: ws://localhost:54272/devtoo..., se:cdpVersion: 142.0.7444.176, setWindowRect: true, strictFileInteractability: false, timeouts: {implicit: 0, pageLoad: 300000, script: 30000}, unhandledPromptBehavior: dismiss and notify, webauthn:extension:credBlob: true, webauthn:extension:largeBlob: true, webauthn:extension:minPinLength: true, webauthn:extension:prf: true, webauthn:virtualAuthenticators: true}\nElement: [[ChromeDriver: chrome on windows (a6b0a9e722dfef7c4cc64722a787609d)] -> id: submit_search]\nSession ID: a6b0a9e722dfef7c4cc64722a787609d","trace":"org.openqa.selenium.ElementClickInterceptedException: element click intercepted: Element <button type=\"button\" id=\"submit_search\" class=\"btn btn-default btn-lg\">...</button> is not clickable at point (632, 473). Other element would receive the click: <div class=\"grippy-host\"></div>\n  (Session info: chrome=142.0.7444.176)\nBuild info: version: '4.26.0', revision: '8ccf0219d7'\nSystem info: os.name: 'Windows 11', os.arch: 'amd64', os.version: '10.0', java.version: '23.0.2'\nDriver info: org.openqa.selenium.chrome.ChromeDriver\nCommand: [a6b0a9e722dfef7c4cc64722a787609d, clickElement {id=f.DA9014D39BEE3288515C28000438E210.d.0331ABB6EC17019E7BD179FF86640DDE.e.61}]\nCapabilities {acceptInsecureCerts: false, browserName: chrome, browserVersion: 142.0.7444.176, chrome: {chromedriverVersion: 142.0.7444.175 (302067f14a4..., userDataDir: C:\\Users\\MARWA~1.ANT\\AppDat...}, fedcm:accounts: true, goog:chromeOptions: {debuggerAddress: localhost:54272}, goog:processID: 14540, networkConnectionEnabled: false, pageLoadStrategy: normal, platformName: windows, proxy: Proxy(), se:cdp: ws://localhost:54272/devtoo..., se:cdpVersion: 142.0.7444.176, setWindowRect: true, strictFileInteractability: false, timeouts: {implicit: 0, pageLoad: 300000, script: 30000}, unhandledPromptBehavior: dismiss and notify, webauthn:extension:credBlob: true, webauthn:extension:largeBlob: true, webauthn:extension:minPinLength: true, webauthn:extension:prf: true, webauthn:virtualAuthenticators: true}\nElement: [[ChromeDriver: chrome on windows (a6b0a9e722dfef7c4cc64722a787609d)] -> id: submit_search]\nSession ID: a6b0a9e722dfef7c4cc64722a787609d\r\n\tat java.base/jdk.internal.reflect.DirectConstructorHandleAccessor.newInstance(DirectConstructorHandleAccessor.java:62)\r\n\tat java.base/java.lang.reflect.Constructor.newInstanceWithCaller(Constructor.java:501)\r\n\tat java.base/java.lang.reflect.Constructor.newInstance(Constructor.java:485)\r\n\tat org.openqa.selenium.remote.ErrorCodec.decode(ErrorCodec.java:167)\r\n\tat org.openqa.selenium.remote.codec.w3c.W3CHttpResponseCodec.decode(W3CHttpResponseCodec.java:138)\r\n\tat org.openqa.selenium.remote.codec.w3c.W3CHttpResponseCodec.decode(W3CHttpResponseCodec.java:50)\r\n\tat org.openqa.selenium.remote.HttpCommandExecutor.execute(HttpCommandExecutor.java:190)\r\n\tat org.openqa.selenium.remote.service.DriverCommandExecutor.invokeExecute(DriverCommandExecutor.java:216)\r\n\tat org.openqa.selenium.remote.service.DriverCommandExecutor.execute(DriverCommandExecutor.java:174)\r\n\tat org.openqa.selenium.remote.RemoteWebDriver.execute(RemoteWebDriver.java:545)\r\n\tat org.openqa.selenium.remote.RemoteWebElement.execute(RemoteWebElement.java:223)\r\n\tat org.openqa.selenium.remote.RemoteWebElement.click(RemoteWebElement.java:76)\r\n\tat Pages.ProductPage.ProductSearch(ProductPage.java:65)\r\n\tat Steps.SearchProduct.the_user_enter_product_name_in_search_input_and_click_search_button(SearchProduct.java:21)\r\n\tat ✽.The user Enter product name \"blue top\" in search input and click search button(file:///C:/Users/marwa.antoul/IdeaProjects/E-commerce-Website/src/test/resources/Features/SearchProduct.feature:7)\r\n"},"stage":"finished","steps":[{"name":"Given  the user navigate to the website","status":"passed","statusDetails":{"known":false,"muted":false,"flaky":false},"stage":"finished","steps":[],"attachments":[],"parameters":[],"start":1764236110109,"stop":1764236110112},{"name":"And  the user verify that the home page is visible successfully","status":"passed","statusDetails":{"known":false,"muted":false,"flaky":false},"stage":"finished","steps":[],"attachments":[],"parameters":[],"start":1764236110112,"stop":1764236114464},{"name":"When  he user click the Products link","status":"passed","statusDetails":{"known":false,"muted":false,"flaky":false},"stage":"finished","steps":[],"attachments":[],"parameters":[],"start":1764236114464,"stop":1764236133183},{"name":"Then  the user verify that the Products page is visible successfully","status":"passed","statusDetails":{"known":false,"muted":false,"flaky":false},"stage":"finished","steps":[],"attachments":[],"parameters":[],"start":1764236133183,"stop":1764236133261},{"name":"When  The user Enter product name \"blue top\" in search input and click search button","status":"broken","statusDetails":{"known":false,"muted":false,"flaky":false,"message":"element click intercepted: Element <button type=\"button\" id=\"submit_search\" class=\"btn btn-default btn-lg\">...</button> is not clickable at point (632, 473). Other element would receive the click: <div class=\"grippy-host\"></div>\n  (Session info: chrome=142.0.7444.176)\nBuild info: version: '4.26.0', revision: '8ccf0219d7'\nSystem info: os.name: 'Windows 11', os.arch: 'amd64', os.version: '10.0', java.version: '23.0.2'\nDriver info: org.openqa.selenium.chrome.ChromeDriver\nCommand: [a6b0a9e722dfef7c4cc64722a787609d, clickElement {id=f.DA9014D39BEE3288515C28000438E210.d.0331ABB6EC17019E7BD179FF86640DDE.e.61}]\nCapabilities {acceptInsecureCerts: false, browserName: chrome, browserVersion: 142.0.7444.176, chrome: {chromedriverVersion: 142.0.7444.175 (302067f14a4..., userDataDir: C:\\Users\\MARWA~1.ANT\\AppDat...}, fedcm:accounts: true, goog:chromeOptions: {debuggerAddress: localhost:54272}, goog:processID: 14540, networkConnectionEnabled: false, pageLoadStrategy: normal, platformName: windows, proxy: Proxy(), se:cdp: ws://localhost:54272/devtoo..., se:cdpVersion: 142.0.7444.176, setWindowRect: true, strictFileInteractability: false, timeouts: {implicit: 0, pageLoad: 300000, script: 30000}, unhandledPromptBehavior: dismiss and notify, webauthn:extension:credBlob: true, webauthn:extension:largeBlob: true, webauthn:extension:minPinLength: true, webauthn:extension:prf: true, webauthn:virtualAuthenticators: true}\nElement: [[ChromeDriver: chrome on windows (a6b0a9e722dfef7c4cc64722a787609d)] -> id: submit_search]\nSession ID: a6b0a9e722dfef7c4cc64722a787609d","trace":"org.openqa.selenium.ElementClickInterceptedException: element click intercepted: Element <button type=\"button\" id=\"submit_search\" class=\"btn btn-default btn-lg\">...</button> is not clickable at point (632, 473). Other element would receive the click: <div class=\"grippy-host\"></div>\n  (Session info: chrome=142.0.7444.176)\nBuild info: version: '4.26.0', revision: '8ccf0219d7'\nSystem info: os.name: 'Windows 11', os.arch: 'amd64', os.version: '10.0', java.version: '23.0.2'\nDriver info: org.openqa.selenium.chrome.ChromeDriver\nCommand: [a6b0a9e722dfef7c4cc64722a787609d, clickElement {id=f.DA9014D39BEE3288515C28000438E210.d.0331ABB6EC17019E7BD179FF86640DDE.e.61}]\nCapabilities {acceptInsecureCerts: false, browserName: chrome, browserVersion: 142.0.7444.176, chrome: {chromedriverVersion: 142.0.7444.175 (302067f14a4..., userDataDir: C:\\Users\\MARWA~1.ANT\\AppDat...}, fedcm:accounts: true, goog:chromeOptions: {debuggerAddress: localhost:54272}, goog:processID: 14540, networkConnectionEnabled: false, pageLoadStrategy: normal, platformName: windows, proxy: Proxy(), se:cdp: ws://localhost:54272/devtoo..., se:cdpVersion: 142.0.7444.176, setWindowRect: true, strictFileInteractability: false, timeouts: {implicit: 0, pageLoad: 300000, script: 30000}, unhandledPromptBehavior: dismiss and notify, webauthn:extension:credBlob: true, webauthn:extension:largeBlob: true, webauthn:extension:minPinLength: true, webauthn:extension:prf: true, webauthn:virtualAuthenticators: true}\nElement: [[ChromeDriver: chrome on windows (a6b0a9e722dfef7c4cc64722a787609d)] -> id: submit_search]\nSession ID: a6b0a9e722dfef7c4cc64722a787609d\r\n\tat java.base/jdk.internal.reflect.DirectConstructorHandleAccessor.newInstance(DirectConstructorHandleAccessor.java:62)\r\n\tat java.base/java.lang.reflect.Constructor.newInstanceWithCaller(Constructor.java:501)\r\n\tat java.base/java.lang.reflect.Constructor.newInstance(Constructor.java:485)\r\n\tat org.openqa.selenium.remote.ErrorCodec.decode(ErrorCodec.java:167)\r\n\tat org.openqa.selenium.remote.codec.w3c.W3CHttpResponseCodec.decode(W3CHttpResponseCodec.java:138)\r\n\tat org.openqa.selenium.remote.codec.w3c.W3CHttpResponseCodec.decode(W3CHttpResponseCodec.java:50)\r\n\tat org.openqa.selenium.remote.HttpCommandExecutor.execute(HttpCommandExecutor.java:190)\r\n\tat org.openqa.selenium.remote.service.DriverCommandExecutor.invokeExecute(DriverCommandExecutor.java:216)\r\n\tat org.openqa.selenium.remote.service.DriverCommandExecutor.execute(DriverCommandExecutor.java:174)\r\n\tat org.openqa.selenium.remote.RemoteWebDriver.execute(RemoteWebDriver.java:545)\r\n\tat org.openqa.selenium.remote.RemoteWebElement.execute(RemoteWebElement.java:223)\r\n\tat org.openqa.selenium.remote.RemoteWebElement.click(RemoteWebElement.java:76)\r\n\tat Pages.ProductPage.ProductSearch(ProductPage.java:65)\r\n\tat Steps.SearchProduct.the_user_enter_product_name_in_search_input_and_click_search_button(SearchProduct.java:21)\r\n\tat ✽.The user Enter product name \"blue top\" in search input and click search button(file:///C:/Users/marwa.antoul/IdeaProjects/E-commerce-Website/src/test/resources/Features/SearchProduct.feature:7)\r\n"},"stage":"finished","steps":[],"attachments":[],"parameters":[],"start":1764236133261,"stop":1764236136056},{"name":"Then  The user Verify all the products related to search are visible","status":"skipped","statusDetails":{"known":false,"muted":false,"flaky":false},"stage":"finished","steps":[],"attachments":[],"parameters":[],"start":1764236136063,"stop":1764236136064}],"attachments":[],"parameters":[],"start":1764235986767,"stop":1764236168051}