{"uuid":"bb79ce1d-4f97-4511-a40e-7fc5db772b43","historyId":"e66ec338300f2ed0ba300bde1958268f","fullName":"src/test/resources/Features/ContactUs.feature:3","labels":[{"name":"host","value":"ITMTNP27DEAG"},{"name":"thread","value":"33412@ITMTNP27DEAG.TestNG-PoolService-1(33)"},{"name":"feature","value":"Contact Us Form"},{"name":"story","value":"Contact Us Form"},{"name":"suite","value":"Contact Us Form"},{"name":"testClass","value":"Contact Us Form"},{"name":"framework","value":"cucumber4jvm"},{"name":"language","value":"java"},{"name":"gherkin_uri","value":"file:///C:/Users/marwa.antoul/IdeaProjects/E-commerce-Website/src/test/resources/Features/ContactUs.feature"},{"name":"package","value":"src.test.resources.Features.ContactUs_feature.Contact Us Form"}],"links":[],"name":"Contact Us Form","status":"failed","statusDetails":{"known":false,"muted":false,"flaky":false,"message":"AutomationExercise expected [true] but found [false]","trace":"java.lang.AssertionError: AutomationExercise expected [true] but found [false]\r\n\tat org.testng.Assert.fail(Assert.java:111)\r\n\tat org.testng.Assert.failNotEquals(Assert.java:1578)\r\n\tat org.testng.Assert.assertTrue(Assert.java:57)\r\n\tat Steps.Register_User.the_user_verify_that_the_home_page_is_visible_successfully(Register_User.java:28)\r\n\tat ✽.the user verify that the home page is visible successfully(file:///C:/Users/marwa.antoul/IdeaProjects/E-commerce-Website/src/test/resources/Features/ContactUs.feature:5)\r\n"},"stage":"finished","steps":[{"name":"Given  the user navigate to the website","status":"passed","statusDetails":{"known":false,"muted":false,"flaky":false},"stage":"finished","steps":[],"attachments":[],"parameters":[],"start":1764230682214,"stop":1764230682222},{"name":"And  the user verify that the home page is visible successfully","status":"failed","statusDetails":{"known":false,"muted":false,"flaky":false,"message":"AutomationExercise expected [true] but found [false]","trace":"java.lang.AssertionError: AutomationExercise expected [true] but found [false]\r\n\tat org.testng.Assert.fail(Assert.java:111)\r\n\tat org.testng.Assert.failNotEquals(Assert.java:1578)\r\n\tat org.testng.Assert.assertTrue(Assert.java:57)\r\n\tat Steps.Register_User.the_user_verify_that_the_home_page_is_visible_successfully(Register_User.java:28)\r\n\tat ✽.the user verify that the home page is visible successfully(file:///C:/Users/marwa.antoul/IdeaProjects/E-commerce-Website/src/test/resources/Features/ContactUs.feature:5)\r\n"},"stage":"finished","steps":[],"attachments":[],"parameters":[],"start":1764230682222,"stop":1764230694809},{"name":"When  he user click the Contact us link","status":"skipped","statusDetails":{"known":false,"muted":false,"flaky":false},"stage":"finished","steps":[],"attachments":[],"parameters":[],"start":1764230694811,"stop":1764230694812},{"name":"Then  the user verify that the contact us page is visible successfully","status":"skipped","statusDetails":{"known":false,"muted":false,"flaky":false},"stage":"finished","steps":[],"attachments":[],"parameters":[],"start":1764230694812,"stop":1764230694812},{"name":"When  he user click the Contact us link","status":"skipped","statusDetails":{"known":false,"muted":false,"flaky":false},"stage":"finished","steps":[],"attachments":[],"parameters":[],"start":1764230694812,"stop":1764230694813},{"name":"Then  the user verify that the contact us page is visible successfully","status":"skipped","statusDetails":{"known":false,"muted":false,"flaky":false},"stage":"finished","steps":[],"attachments":[],"parameters":[],"start":1764230694813,"stop":1764230694814},{"name":"When  the user enter a name and email address and subject and message and file","status":"skipped","statusDetails":{"known":false,"muted":false,"flaky":false},"stage":"finished","steps":[],"attachments":[],"parameters":[],"start":1764230694814,"stop":1764230694814},{"name":"And  the user click the Submit button","status":"skipped","statusDetails":{"known":false,"muted":false,"flaky":false},"stage":"finished","steps":[],"attachments":[],"parameters":[],"start":1764230694815,"stop":1764230694815},{"name":"Then  the user verify that a confirmation popup is visible successfully","status":"skipped","statusDetails":{"known":false,"muted":false,"flaky":false},"stage":"finished","steps":[],"attachments":[],"parameters":[],"start":1764230694815,"stop":1764230694815},{"name":"When  the user click on OK bouton","status":"skipped","statusDetails":{"known":false,"muted":false,"flaky":false},"stage":"finished","steps":[],"attachments":[],"parameters":[],"start":1764230694816,"stop":1764230694816},{"name":"Then  the user verify that the successfully submit is visible","status":"skipped","statusDetails":{"known":false,"muted":false,"flaky":false},"stage":"finished","steps":[],"attachments":[],"parameters":[],"start":1764230694816,"stop":1764230694817}],"attachments":[],"parameters":[],"start":1764230628594,"stop":1764230694817}