{"uuid":"c5dbbff4-4fc2-4840-9dbe-83098b5cbad3","historyId":"75b3401fef75d933679b12e248ef38c6","fullName":"src/test/resources/Features/ProductListAndDetails.feature:3","labels":[{"name":"host","value":"ITMTNP27DEAG"},{"name":"thread","value":"14964@ITMTNP27DEAG.TestNG-PoolService-3(35)"},{"name":"feature","value":"Product list and details"},{"name":"story","value":"Product list and details"},{"name":"suite","value":"Product list and details"},{"name":"testClass","value":"Product list and details"},{"name":"framework","value":"cucumber4jvm"},{"name":"language","value":"java"},{"name":"gherkin_uri","value":"file:///C:/Users/marwa.antoul/IdeaProjects/E-commerce-Website/src/test/resources/Features/ProductListAndDetails.feature"},{"name":"package","value":"src.test.resources.Features.ProductListAndDetails_feature.Product list and details"}],"links":[],"name":"Product list and details","status":"failed","statusDetails":{"known":false,"muted":false,"flaky":false,"message":"AutomationExercise expected [true] but found [false]","trace":"java.lang.AssertionError: AutomationExercise expected [true] but found [false]\r\n\tat org.testng.Assert.fail(Assert.java:111)\r\n\tat org.testng.Assert.failNotEquals(Assert.java:1578)\r\n\tat org.testng.Assert.assertTrue(Assert.java:57)\r\n\tat Steps.Register_User.the_user_verify_that_the_home_page_is_visible_successfully(Register_User.java:28)\r\n\tat ✽.the user verify that the home page is visible successfully(file:///C:/Users/marwa.antoul/IdeaProjects/E-commerce-Website/src/test/resources/Features/ProductListAndDetails.feature:5)\r\n"},"stage":"finished","steps":[{"name":"Given  the user navigate to the website","status":"passed","statusDetails":{"known":false,"muted":false,"flaky":false},"stage":"finished","steps":[],"attachments":[],"parameters":[],"start":1764240038113,"stop":1764240038121},{"name":"And  the user verify that the home page is visible successfully","status":"failed","statusDetails":{"known":false,"muted":false,"flaky":false,"message":"AutomationExercise expected [true] but found [false]","trace":"java.lang.AssertionError: AutomationExercise expected [true] but found [false]\r\n\tat org.testng.Assert.fail(Assert.java:111)\r\n\tat org.testng.Assert.failNotEquals(Assert.java:1578)\r\n\tat org.testng.Assert.assertTrue(Assert.java:57)\r\n\tat Steps.Register_User.the_user_verify_that_the_home_page_is_visible_successfully(Register_User.java:28)\r\n\tat ✽.the user verify that the home page is visible successfully(file:///C:/Users/marwa.antoul/IdeaProjects/E-commerce-Website/src/test/resources/Features/ProductListAndDetails.feature:5)\r\n"},"stage":"finished","steps":[],"attachments":[],"parameters":[],"start":1764240038121,"stop":1764240045311},{"name":"When  he user click the Products link","status":"skipped","statusDetails":{"known":false,"muted":false,"flaky":false},"stage":"finished","steps":[],"attachments":[],"parameters":[],"start":1764240045311,"stop":1764240045312},{"name":"Then  the user verify that the Products page is visible successfully","status":"skipped","statusDetails":{"known":false,"muted":false,"flaky":false},"stage":"finished","steps":[],"attachments":[],"parameters":[],"start":1764240045312,"stop":1764240045313},{"name":"And  the product list product is display","status":"skipped","statusDetails":{"known":false,"muted":false,"flaky":false},"stage":"finished","steps":[],"attachments":[],"parameters":[],"start":1764240045313,"stop":1764240045314},{"name":"When  The user selects a product by clicking the View Product link","status":"skipped","statusDetails":{"known":false,"muted":false,"flaky":false},"stage":"finished","steps":[],"attachments":[],"parameters":[],"start":1764240045315,"stop":1764240045316},{"name":"Then  User is landed to product detail page","status":"skipped","statusDetails":{"known":false,"muted":false,"flaky":false},"stage":"finished","steps":[],"attachments":[],"parameters":[],"start":1764240045316,"stop":1764240045317}],"attachments":[],"parameters":[],"start":1764239961727,"stop":1764240077556}