{"uuid":"ce7189e0-6509-4feb-ad1b-7529a247402c","historyId":"e66ec338300f2ed0ba300bde1958268f","fullName":"src/test/resources/Features/ContactUs.feature:3","labels":[{"name":"host","value":"ITMTNP27DEAG"},{"name":"thread","value":"28060@ITMTNP27DEAG.TestNG-PoolService-1(33)"},{"name":"feature","value":"Contact Us Form"},{"name":"story","value":"Contact Us Form"},{"name":"suite","value":"Contact Us Form"},{"name":"testClass","value":"Contact Us Form"},{"name":"framework","value":"cucumber4jvm"},{"name":"language","value":"java"},{"name":"gherkin_uri","value":"file:///C:/Users/marwa.antoul/IdeaProjects/E-commerce-Website/src/test/resources/Features/ContactUs.feature"},{"name":"package","value":"src.test.resources.Features.ContactUs_feature.Contact Us Form"}],"links":[],"name":"Contact Us Form","status":"broken","statusDetails":{"known":false,"muted":false,"flaky":false,"message":"java.util.concurrent.TimeoutException\nBuild info: version: '4.26.0', revision: '8ccf0219d7'\nSystem info: os.name: 'Windows 11', os.arch: 'amd64', os.version: '10.0', java.version: '23.0.2'\nDriver info: org.openqa.selenium.chrome.ChromeDriver\nCommand: [5be031158a647ce20331e255757b8b76, clickElement {id=f.A5867902F04BC039B39B46DCD73BB74B.d.0D260135C6F9E71227989DD17CE14090.e.60}]\nCapabilities {acceptInsecureCerts: false, browserName: chrome, browserVersion: 142.0.7444.176, chrome: {chromedriverVersion: 142.0.7444.175 (302067f14a4..., userDataDir: C:\\Users\\MARWA~1.ANT\\AppDat...}, fedcm:accounts: true, goog:chromeOptions: {debuggerAddress: localhost:53392}, goog:processID: 3836, networkConnectionEnabled: false, pageLoadStrategy: normal, platformName: windows, proxy: Proxy(), se:cdp: ws://localhost:53392/devtoo..., se:cdpVersion: 142.0.7444.176, setWindowRect: true, strictFileInteractability: false, timeouts: {implicit: 0, pageLoad: 300000, script: 30000}, unhandledPromptBehavior: dismiss and notify, webauthn:extension:credBlob: true, webauthn:extension:largeBlob: true, webauthn:extension:minPinLength: true, webauthn:extension:prf: true, webauthn:virtualAuthenticators: true}\nElement: [[ChromeDriver: chrome on windows (5be031158a647ce20331e255757b8b76)] -> xpath: /html/body/header/div/div/div/div[2]/div/ul/li[8]/a]\nSession ID: 5be031158a647ce20331e255757b8b76","trace":"org.openqa.selenium.TimeoutException: java.util.concurrent.TimeoutException\nBuild info: version: '4.26.0', revision: '8ccf0219d7'\nSystem info: os.name: 'Windows 11', os.arch: 'amd64', os.version: '10.0', java.version: '23.0.2'\nDriver info: org.openqa.selenium.chrome.ChromeDriver\nCommand: [5be031158a647ce20331e255757b8b76, clickElement {id=f.A5867902F04BC039B39B46DCD73BB74B.d.0D260135C6F9E71227989DD17CE14090.e.60}]\nCapabilities {acceptInsecureCerts: false, browserName: chrome, browserVersion: 142.0.7444.176, chrome: {chromedriverVersion: 142.0.7444.175 (302067f14a4..., userDataDir: C:\\Users\\MARWA~1.ANT\\AppDat...}, fedcm:accounts: true, goog:chromeOptions: {debuggerAddress: localhost:53392}, goog:processID: 3836, networkConnectionEnabled: false, pageLoadStrategy: normal, platformName: windows, proxy: Proxy(), se:cdp: ws://localhost:53392/devtoo..., se:cdpVersion: 142.0.7444.176, setWindowRect: true, strictFileInteractability: false, timeouts: {implicit: 0, pageLoad: 300000, script: 30000}, unhandledPromptBehavior: dismiss and notify, webauthn:extension:credBlob: true, webauthn:extension:largeBlob: true, webauthn:extension:minPinLength: true, webauthn:extension:prf: true, webauthn:virtualAuthenticators: true}\nElement: [[ChromeDriver: chrome on windows (5be031158a647ce20331e255757b8b76)] -> xpath: /html/body/header/div/div/div/div[2]/div/ul/li[8]/a]\nSession ID: 5be031158a647ce20331e255757b8b76\r\n\tat org.openqa.selenium.remote.http.jdk.JdkHttpClient.execute(JdkHttpClient.java:422)\r\n\tat org.openqa.selenium.remote.HttpCommandExecutor.execute(HttpCommandExecutor.java:187)\r\n\tat org.openqa.selenium.remote.service.DriverCommandExecutor.invokeExecute(DriverCommandExecutor.java:216)\r\n\tat org.openqa.selenium.remote.service.DriverCommandExecutor.execute(DriverCommandExecutor.java:174)\r\n\tat org.openqa.selenium.remote.RemoteWebDriver.execute(RemoteWebDriver.java:545)\r\n\tat org.openqa.selenium.remote.RemoteWebElement.execute(RemoteWebElement.java:223)\r\n\tat org.openqa.selenium.remote.RemoteWebElement.click(RemoteWebElement.java:76)\r\n\tat Pages.SignupLogin.ContactUsLink(SignupLogin.java:94)\r\n\tat Steps.ContactUs.he_user_click_the_contact_us_link(ContactUs.java:24)\r\n\tat ✽.he user click the Contact us link(file:///C:/Users/marwa.antoul/IdeaProjects/E-commerce-Website/src/test/resources/Features/ContactUs.feature:8)\r\nCaused by: java.util.concurrent.TimeoutException\r\n\tat java.base/java.util.concurrent.CompletableFuture$Timeout.run(CompletableFuture.java:2964)\r\n\tat java.base/java.util.concurrent.Executors$RunnableAdapter.call(Executors.java:572)\r\n\tat java.base/java.util.concurrent.FutureTask.run(FutureTask.java:317)\r\n\tat java.base/java.util.concurrent.ScheduledThreadPoolExecutor$ScheduledFutureTask.run(ScheduledThreadPoolExecutor.java:304)\r\n\tat java.base/java.util.concurrent.ThreadPoolExecutor.runWorker(ThreadPoolExecutor.java:1144)\r\n\tat java.base/java.util.concurrent.ThreadPoolExecutor$Worker.run(ThreadPoolExecutor.java:642)\r\n\tat java.base/java.lang.Thread.run(Thread.java:1575)\r\n"},"stage":"finished","steps":[{"name":"Given  the user navigate to the website","status":"passed","statusDetails":{"known":false,"muted":false,"flaky":false},"stage":"finished","steps":[],"attachments":[],"parameters":[],"start":1764240579773,"stop":1764240579776},{"name":"And  the user verify that the home page is visible successfully","status":"passed","statusDetails":{"known":false,"muted":false,"flaky":false},"stage":"finished","steps":[],"attachments":[],"parameters":[],"start":1764240579776,"stop":1764240580079},{"name":"When  he user click the Contact us link","status":"passed","statusDetails":{"known":false,"muted":false,"flaky":false},"stage":"finished","steps":[],"attachments":[],"parameters":[],"start":1764240580079,"stop":1764240666428},{"name":"Then  the user verify that the contact us page is visible successfully","status":"passed","statusDetails":{"known":false,"muted":false,"flaky":false},"stage":"finished","steps":[],"attachments":[],"parameters":[],"start":1764240666428,"stop":1764240666671},{"name":"When  he user click the Contact us link","status":"broken","statusDetails":{"known":false,"muted":false,"flaky":false,"message":"java.util.concurrent.TimeoutException\nBuild info: version: '4.26.0', revision: '8ccf0219d7'\nSystem info: os.name: 'Windows 11', os.arch: 'amd64', os.version: '10.0', java.version: '23.0.2'\nDriver info: org.openqa.selenium.chrome.ChromeDriver\nCommand: [5be031158a647ce20331e255757b8b76, clickElement {id=f.A5867902F04BC039B39B46DCD73BB74B.d.0D260135C6F9E71227989DD17CE14090.e.60}]\nCapabilities {acceptInsecureCerts: false, browserName: chrome, browserVersion: 142.0.7444.176, chrome: {chromedriverVersion: 142.0.7444.175 (302067f14a4..., userDataDir: C:\\Users\\MARWA~1.ANT\\AppDat...}, fedcm:accounts: true, goog:chromeOptions: {debuggerAddress: localhost:53392}, goog:processID: 3836, networkConnectionEnabled: false, pageLoadStrategy: normal, platformName: windows, proxy: Proxy(), se:cdp: ws://localhost:53392/devtoo..., se:cdpVersion: 142.0.7444.176, setWindowRect: true, strictFileInteractability: false, timeouts: {implicit: 0, pageLoad: 300000, script: 30000}, unhandledPromptBehavior: dismiss and notify, webauthn:extension:credBlob: true, webauthn:extension:largeBlob: true, webauthn:extension:minPinLength: true, webauthn:extension:prf: true, webauthn:virtualAuthenticators: true}\nElement: [[ChromeDriver: chrome on windows (5be031158a647ce20331e255757b8b76)] -> xpath: /html/body/header/div/div/div/div[2]/div/ul/li[8]/a]\nSession ID: 5be031158a647ce20331e255757b8b76","trace":"org.openqa.selenium.TimeoutException: java.util.concurrent.TimeoutException\nBuild info: version: '4.26.0', revision: '8ccf0219d7'\nSystem info: os.name: 'Windows 11', os.arch: 'amd64', os.version: '10.0', java.version: '23.0.2'\nDriver info: org.openqa.selenium.chrome.ChromeDriver\nCommand: [5be031158a647ce20331e255757b8b76, clickElement {id=f.A5867902F04BC039B39B46DCD73BB74B.d.0D260135C6F9E71227989DD17CE14090.e.60}]\nCapabilities {acceptInsecureCerts: false, browserName: chrome, browserVersion: 142.0.7444.176, chrome: {chromedriverVersion: 142.0.7444.175 (302067f14a4..., userDataDir: C:\\Users\\MARWA~1.ANT\\AppDat...}, fedcm:accounts: true, goog:chromeOptions: {debuggerAddress: localhost:53392}, goog:processID: 3836, networkConnectionEnabled: false, pageLoadStrategy: normal, platformName: windows, proxy: Proxy(), se:cdp: ws://localhost:53392/devtoo..., se:cdpVersion: 142.0.7444.176, setWindowRect: true, strictFileInteractability: false, timeouts: {implicit: 0, pageLoad: 300000, script: 30000}, unhandledPromptBehavior: dismiss and notify, webauthn:extension:credBlob: true, webauthn:extension:largeBlob: true, webauthn:extension:minPinLength: true, webauthn:extension:prf: true, webauthn:virtualAuthenticators: true}\nElement: [[ChromeDriver: chrome on windows (5be031158a647ce20331e255757b8b76)] -> xpath: /html/body/header/div/div/div/div[2]/div/ul/li[8]/a]\nSession ID: 5be031158a647ce20331e255757b8b76\r\n\tat org.openqa.selenium.remote.http.jdk.JdkHttpClient.execute(JdkHttpClient.java:422)\r\n\tat org.openqa.selenium.remote.HttpCommandExecutor.execute(HttpCommandExecutor.java:187)\r\n\tat org.openqa.selenium.remote.service.DriverCommandExecutor.invokeExecute(DriverCommandExecutor.java:216)\r\n\tat org.openqa.selenium.remote.service.DriverCommandExecutor.execute(DriverCommandExecutor.java:174)\r\n\tat org.openqa.selenium.remote.RemoteWebDriver.execute(RemoteWebDriver.java:545)\r\n\tat org.openqa.selenium.remote.RemoteWebElement.execute(RemoteWebElement.java:223)\r\n\tat org.openqa.selenium.remote.RemoteWebElement.click(RemoteWebElement.java:76)\r\n\tat Pages.SignupLogin.ContactUsLink(SignupLogin.java:94)\r\n\tat Steps.ContactUs.he_user_click_the_contact_us_link(ContactUs.java:24)\r\n\tat ✽.he user click the Contact us link(file:///C:/Users/marwa.antoul/IdeaProjects/E-commerce-Website/src/test/resources/Features/ContactUs.feature:8)\r\nCaused by: java.util.concurrent.TimeoutException\r\n\tat java.base/java.util.concurrent.CompletableFuture$Timeout.run(CompletableFuture.java:2964)\r\n\tat java.base/java.util.concurrent.Executors$RunnableAdapter.call(Executors.java:572)\r\n\tat java.base/java.util.concurrent.FutureTask.run(FutureTask.java:317)\r\n\tat java.base/java.util.concurrent.ScheduledThreadPoolExecutor$ScheduledFutureTask.run(ScheduledThreadPoolExecutor.java:304)\r\n\tat java.base/java.util.concurrent.ThreadPoolExecutor.runWorker(ThreadPoolExecutor.java:1144)\r\n\tat java.base/java.util.concurrent.ThreadPoolExecutor$Worker.run(ThreadPoolExecutor.java:642)\r\n\tat java.base/java.lang.Thread.run(Thread.java:1575)\r\n"},"stage":"finished","steps":[],"attachments":[],"parameters":[],"start":1764240666671,"stop":1764240846754},{"name":"Then  the user verify that the contact us page is visible successfully","status":"skipped","statusDetails":{"known":false,"muted":false,"flaky":false},"stage":"finished","steps":[],"attachments":[],"parameters":[],"start":1764240846757,"stop":1764240846766},{"name":"When  the user enter a name and email address and subject and message and file","status":"skipped","statusDetails":{"known":false,"muted":false,"flaky":false},"stage":"finished","steps":[],"attachments":[],"parameters":[],"start":1764240846767,"stop":1764240846774},{"name":"And  the user click the Submit button","status":"skipped","statusDetails":{"known":false,"muted":false,"flaky":false},"stage":"finished","steps":[],"attachments":[],"parameters":[],"start":1764240846782,"stop":1764240846784},{"name":"Then  the user verify that a confirmation popup is visible successfully","status":"skipped","statusDetails":{"known":false,"muted":false,"flaky":false},"stage":"finished","steps":[],"attachments":[],"parameters":[],"start":1764240846784,"stop":1764240846785},{"name":"When  the user click on OK bouton","status":"skipped","statusDetails":{"known":false,"muted":false,"flaky":false},"stage":"finished","steps":[],"attachments":[],"parameters":[],"start":1764240846785,"stop":1764240846786},{"name":"Then  the user verify that the successfully submit is visible","status":"skipped","statusDetails":{"known":false,"muted":false,"flaky":false},"stage":"finished","steps":[],"attachments":[],"parameters":[],"start":1764240846786,"stop":1764240846787}],"attachments":[],"parameters":[],"start":1764240426193,"stop":1764240878268}