{"uuid":"d3952cb7-5fb8-4a95-81ba-153b1bb02925","historyId":"29f0b24324bf05453c94037806fbfc59","fullName":"src/test/resources/Features/LogOutUser.feature:2","labels":[{"name":"host","value":"ITMTNP27DEAG"},{"name":"thread","value":"28060@ITMTNP27DEAG.TestNG-PoolService-2(34)"},{"name":"feature","value":"Logout User"},{"name":"story","value":"Logout User"},{"name":"suite","value":"Logout User"},{"name":"testClass","value":"Logout User"},{"name":"framework","value":"cucumber4jvm"},{"name":"language","value":"java"},{"name":"gherkin_uri","value":"file:///C:/Users/marwa.antoul/IdeaProjects/E-commerce-Website/src/test/resources/Features/LogOutUser.feature"},{"name":"package","value":"src.test.resources.Features.LogOutUser_feature.Logout User"}],"links":[],"name":"Logout User","status":"failed","statusDetails":{"known":false,"muted":false,"flaky":false,"message":"AutomationExercise expected [true] but found [false]","trace":"java.lang.AssertionError: AutomationExercise expected [true] but found [false]\r\n\tat org.testng.Assert.fail(Assert.java:111)\r\n\tat org.testng.Assert.failNotEquals(Assert.java:1578)\r\n\tat org.testng.Assert.assertTrue(Assert.java:57)\r\n\tat Steps.Register_User.the_user_verify_that_the_home_page_is_visible_successfully(Register_User.java:28)\r\n\tat ✽.the user verify that the home page is visible successfully(file:///C:/Users/marwa.antoul/IdeaProjects/E-commerce-Website/src/test/resources/Features/LogOutUser.feature:4)\r\n"},"stage":"finished","steps":[{"name":"Given  the user navigate to the website","status":"passed","statusDetails":{"known":false,"muted":false,"flaky":false},"stage":"finished","steps":[],"attachments":[],"parameters":[],"start":1764240600403,"stop":1764240600410},{"name":"And  the user verify that the home page is visible successfully","status":"failed","statusDetails":{"known":false,"muted":false,"flaky":false,"message":"AutomationExercise expected [true] but found [false]","trace":"java.lang.AssertionError: AutomationExercise expected [true] but found [false]\r\n\tat org.testng.Assert.fail(Assert.java:111)\r\n\tat org.testng.Assert.failNotEquals(Assert.java:1578)\r\n\tat org.testng.Assert.assertTrue(Assert.java:57)\r\n\tat Steps.Register_User.the_user_verify_that_the_home_page_is_visible_successfully(Register_User.java:28)\r\n\tat ✽.the user verify that the home page is visible successfully(file:///C:/Users/marwa.antoul/IdeaProjects/E-commerce-Website/src/test/resources/Features/LogOutUser.feature:4)\r\n"},"stage":"finished","steps":[],"attachments":[],"parameters":[],"start":1764240600410,"stop":1764240600655},{"name":"When  the user click on the Signup Login button","status":"skipped","statusDetails":{"known":false,"muted":false,"flaky":false},"stage":"finished","steps":[],"attachments":[],"parameters":[],"start":1764240600656,"stop":1764240600658},{"name":"Then  the user verify that Signup Login page is visible successfully","status":"skipped","statusDetails":{"known":false,"muted":false,"flaky":false},"stage":"finished","steps":[],"attachments":[],"parameters":[],"start":1764240600659,"stop":1764240600659},{"name":"When  the user enter a email \"email\" and password \"password\" valids","status":"skipped","statusDetails":{"known":false,"muted":false,"flaky":false},"stage":"finished","steps":[],"attachments":[],"parameters":[],"start":1764240600660,"stop":1764240600661},{"name":"And  the user click the login button","status":"skipped","statusDetails":{"known":false,"muted":false,"flaky":false},"stage":"finished","steps":[],"attachments":[],"parameters":[],"start":1764240600661,"stop":1764240600665},{"name":"And  the user click logout link","status":"skipped","statusDetails":{"known":false,"muted":false,"flaky":false},"stage":"finished","steps":[],"attachments":[],"parameters":[],"start":1764240600670,"stop":1764240600672},{"name":"Then  the user verify that Signup and Login page is visible","status":"skipped","statusDetails":{"known":false,"muted":false,"flaky":false},"stage":"finished","steps":[],"attachments":[],"parameters":[],"start":1764240600672,"stop":1764240600674}],"attachments":[],"parameters":[],"start":1764240426168,"stop":1764240633667}