{"uuid":"fabf47e0-54c3-4dc2-899e-acfc0331b34b","historyId":"7159a8cb3b7e52571ab34c9d9e319b65","fullName":"src/test/resources/Features/Subscription.feature:3","labels":[{"name":"host","value":"ITMTNP27DEAG"},{"name":"thread","value":"28060@ITMTNP27DEAG.TestNG-PoolService-7(39)"},{"name":"feature","value":"Subscription"},{"name":"story","value":"Subscription"},{"name":"suite","value":"Subscription"},{"name":"testClass","value":"Subscription"},{"name":"framework","value":"cucumber4jvm"},{"name":"language","value":"java"},{"name":"gherkin_uri","value":"file:///C:/Users/marwa.antoul/IdeaProjects/E-commerce-Website/src/test/resources/Features/Subscription.feature"},{"name":"package","value":"src.test.resources.Features.Subscription_feature.Subscription"}],"links":[],"name":"Subscription","status":"failed","statusDetails":{"known":false,"muted":false,"flaky":false,"message":"AutomationExercise expected [true] but found [false]","trace":"java.lang.AssertionError: AutomationExercise expected [true] but found [false]\r\n\tat org.testng.Assert.fail(Assert.java:111)\r\n\tat org.testng.Assert.failNotEquals(Assert.java:1578)\r\n\tat org.testng.Assert.assertTrue(Assert.java:57)\r\n\tat Steps.Register_User.the_user_verify_that_the_home_page_is_visible_successfully(Register_User.java:28)\r\n\tat ✽.the user verify that the home page is visible successfully(file:///C:/Users/marwa.antoul/IdeaProjects/E-commerce-Website/src/test/resources/Features/Subscription.feature:5)\r\n"},"stage":"finished","steps":[{"name":"Given  the user navigate to the website","status":"passed","statusDetails":{"known":false,"muted":false,"flaky":false},"stage":"finished","steps":[],"attachments":[],"parameters":[],"start":1764240519009,"stop":1764240519019},{"name":"And  the user verify that the home page is visible successfully","status":"failed","statusDetails":{"known":false,"muted":false,"flaky":false,"message":"AutomationExercise expected [true] but found [false]","trace":"java.lang.AssertionError: AutomationExercise expected [true] but found [false]\r\n\tat org.testng.Assert.fail(Assert.java:111)\r\n\tat org.testng.Assert.failNotEquals(Assert.java:1578)\r\n\tat org.testng.Assert.assertTrue(Assert.java:57)\r\n\tat Steps.Register_User.the_user_verify_that_the_home_page_is_visible_successfully(Register_User.java:28)\r\n\tat ✽.the user verify that the home page is visible successfully(file:///C:/Users/marwa.antoul/IdeaProjects/E-commerce-Website/src/test/resources/Features/Subscription.feature:5)\r\n"},"stage":"finished","steps":[],"attachments":[],"parameters":[],"start":1764240519020,"stop":1764240580156},{"name":"When  the user click the Cart link","status":"skipped","statusDetails":{"known":false,"muted":false,"flaky":false},"stage":"finished","steps":[],"attachments":[],"parameters":[],"start":1764240580156,"stop":1764240580158},{"name":"Then  the user verify that the Subscription input is visible successfully","status":"skipped","statusDetails":{"known":false,"muted":false,"flaky":false},"stage":"finished","steps":[],"attachments":[],"parameters":[],"start":1764240580158,"stop":1764240580158},{"name":"When  The user Enter email adresse in search input and click OK button","status":"skipped","statusDetails":{"known":false,"muted":false,"flaky":false},"stage":"finished","steps":[],"attachments":[],"parameters":[],"start":1764240580158,"stop":1764240580159},{"name":"Then  The user Verify that the success message 'You have been successfully subscribed!' is visible","status":"skipped","statusDetails":{"known":false,"muted":false,"flaky":false},"stage":"finished","steps":[],"attachments":[],"parameters":[],"start":1764240580159,"stop":1764240580159}],"attachments":[],"parameters":[],"start":1764240426176,"stop":1764240614258}