{"uuid":"fb6fca64-1d89-4ecb-a7eb-2b2a00e8a5f1","historyId":"f75f2757a79122d79d238f5c39b8cde9","fullName":"src/test/resources/Features/TestCasePage.feature:3","labels":[{"name":"host","value":"ITMTNP27DEAG"},{"name":"thread","value":"30452@ITMTNP27DEAG.TestNG-PoolService-8(40)"},{"name":"feature","value":"Test Case page"},{"name":"story","value":"Test Case page"},{"name":"suite","value":"Test Case page"},{"name":"testClass","value":"Test Case page"},{"name":"framework","value":"cucumber4jvm"},{"name":"language","value":"java"},{"name":"gherkin_uri","value":"file:///C:/Users/marwa.antoul/IdeaProjects/E-commerce-Website/src/test/resources/Features/TestCasePage.feature"},{"name":"package","value":"src.test.resources.Features.TestCasePage_feature.Test Case page"}],"links":[],"name":"Test Case page","status":"failed","statusDetails":{"known":false,"muted":false,"flaky":false,"message":"AutomationExercise expected [true] but found [false]","trace":"java.lang.AssertionError: AutomationExercise expected [true] but found [false]\r\n\tat org.testng.Assert.fail(Assert.java:111)\r\n\tat org.testng.Assert.failNotEquals(Assert.java:1578)\r\n\tat org.testng.Assert.assertTrue(Assert.java:57)\r\n\tat Steps.Register_User.the_user_verify_that_the_home_page_is_visible_successfully(Register_User.java:28)\r\n\tat ✽.the user verify that the home page is visible successfully(file:///C:/Users/marwa.antoul/IdeaProjects/E-commerce-Website/src/test/resources/Features/TestCasePage.feature:5)\r\n"},"stage":"finished","steps":[{"name":"Given  the user navigate to the website","status":"passed","statusDetails":{"known":false,"muted":false,"flaky":false},"stage":"finished","steps":[],"attachments":[],"parameters":[],"start":1764230975789,"stop":1764230975792},{"name":"And  the user verify that the home page is visible successfully","status":"failed","statusDetails":{"known":false,"muted":false,"flaky":false,"message":"AutomationExercise expected [true] but found [false]","trace":"java.lang.AssertionError: AutomationExercise expected [true] but found [false]\r\n\tat org.testng.Assert.fail(Assert.java:111)\r\n\tat org.testng.Assert.failNotEquals(Assert.java:1578)\r\n\tat org.testng.Assert.assertTrue(Assert.java:57)\r\n\tat Steps.Register_User.the_user_verify_that_the_home_page_is_visible_successfully(Register_User.java:28)\r\n\tat ✽.the user verify that the home page is visible successfully(file:///C:/Users/marwa.antoul/IdeaProjects/E-commerce-Website/src/test/resources/Features/TestCasePage.feature:5)\r\n"},"stage":"finished","steps":[],"attachments":[],"parameters":[],"start":1764230975793,"stop":1764230985028},{"name":"When  he user click the Test case link","status":"skipped","statusDetails":{"known":false,"muted":false,"flaky":false},"stage":"finished","steps":[],"attachments":[],"parameters":[],"start":1764230985029,"stop":1764230985029},{"name":"Then  the user verify that the Test case page is visible successfully","status":"skipped","statusDetails":{"known":false,"muted":false,"flaky":false},"stage":"finished","steps":[],"attachments":[],"parameters":[],"start":1764230985029,"stop":1764230985029}],"attachments":[],"parameters":[],"start":1764230930990,"stop":1764230985030}